<?xml version="1.0" encoding="UTF-8"?>
<!-- Generated by org.testng.reporters.JUnitReportReporter -->
<testsuite hostname="Balaji" failures="0" tests="2" name="com.paynet.test.LoginTest" time="118.659" errors="0" timestamp="2022-03-30T14:49:23 IST" skipped="0">
  <testcase classname="com.paynet.test.LoginTest" name="invalidCredentialTest" time="86.969"/>
  <system-out/>
  <testcase classname="com.paynet.test.LoginTest" name="validCredentialTest" time="31.690"/>
  <system-out/>
</testsuite> <!-- com.paynet.test.LoginTest -->
