<?xml version="1.0" encoding="UTF-8"?>
<!-- Generated by org.testng.reporters.JUnitReportReporter -->
<testsuite hostname="Balaji" failures="0" tests="2" name="com.paynet.test.LoginUITest" time="36.806" errors="0" timestamp="2022-03-31T10:19:43 IST" skipped="0">
  <testcase classname="com.paynet.test.LoginUITest" name="validateTitleTest" time="10.599"/>
  <system-out/>
  <testcase classname="com.paynet.test.LoginUITest" name="validateTitleTest" time="26.207"/>
  <system-out/>
</testsuite> <!-- com.paynet.test.LoginUITest -->
