<?xml version="1.0" encoding="UTF-8"?>
<!-- Generated by org.testng.reporters.JUnitReportReporter -->
<testsuite hostname="Balaji" failures="0" tests="4" name="com.paynet.test.LoginTest" time="85.420" errors="0" timestamp="2022-03-31T14:18:11 IST" skipped="0">
  <testcase classname="com.paynet.test.LoginTest" name="invalidCredentialTest" time="42.321"/>
  <system-out/>
  <testcase classname="com.paynet.test.LoginTest" name="invalidCredentialTest" time="10.091"/>
  <system-out/>
  <testcase classname="com.paynet.test.LoginTest" name="invalidCredentialTest" time="20.068"/>
  <system-out/>
  <testcase classname="com.paynet.test.LoginTest" name="invalidCredentialTest" time="12.940"/>
  <system-out/>
</testsuite> <!-- com.paynet.test.LoginTest -->
