<?xml version="1.0" encoding="UTF-8"?>
<!-- Generated by org.testng.reporters.JUnitReportReporter -->
<testsuite hostname="Balaji" failures="0" tests="3" name="com.paynet.test.DemoTest" time="19.251" errors="0" timestamp="2022-03-31T07:01:40 IST" skipped="0">
  <testcase classname="com.paynet.test.DemoTest" name="validTest" time="6.331"/>
  <system-out/>
  <testcase classname="com.paynet.test.DemoTest" name="validTest" time="4.792"/>
  <system-out/>
  <testcase classname="com.paynet.test.DemoTest" name="validTest" time="8.128"/>
  <system-out/>
</testsuite> <!-- com.paynet.test.DemoTest -->
