<?xml version="1.0" encoding="UTF-8"?>
<!-- Generated by org.testng.reporters.JUnitReportReporter -->
<testsuite hostname="Balaji" failures="0" tests="1" name="com.paynet.test.LoginUITest" time="9.784" errors="0" timestamp="2022-03-30T14:40:32 IST" skipped="0">
  <testcase classname="com.paynet.test.LoginUITest" name="validateTitleTest" time="9.784"/>
  <system-out/>
</testsuite> <!-- com.paynet.test.LoginUITest -->
