<?xml version="1.0" encoding="UTF-8"?>
<!-- Generated by org.testng.reporters.JUnitReportReporter -->
<testsuite hostname="Balaji" failures="0" tests="4" name="com.paynet.test.LoginTest" time="39.203" errors="0" timestamp="2022-03-31T09:31:50 IST" skipped="0">
  <testcase classname="com.paynet.test.LoginTest" name="invalidCredentialTest" time="8.744"/>
  <system-out/>
  <testcase classname="com.paynet.test.LoginTest" name="invalidCredentialTest" time="8.506"/>
  <system-out/>
  <testcase classname="com.paynet.test.LoginTest" name="invalidCredentialTest" time="9.370"/>
  <system-out/>
  <testcase classname="com.paynet.test.LoginTest" name="invalidCredentialTest" time="12.583"/>
  <system-out/>
</testsuite> <!-- com.paynet.test.LoginTest -->
